
mdpre Markdown Preprocessor v0.4.4 (7 January, 2020)
====================================================
Def mdpre_date = 7 January, 2020
Def mdpre_level = 0.4.4
Def userid = martinpacker
Def time = 17&colon;25
Def date = 11 October&comma; 2020
Def TOC = Table Of Contents
Def md = Markdown
Def pp = Powerpoint
Markdown To Powerpoint User Guide
Table Of Contents - spec '2 * Table Of Contents'
.....  Why md2pptx?
..... .....  A Real World Use Case
.....  How Do You Use md2pptx?
.....  python-pptx license
.....  Change Log
Column Width - spec '2 3 5'
CSV Start
CSV Stop
.....  Creating Slides
..... .....  Presentation Title Slides
..... .....  Presentation Section Slides
..... .....  Bullet Slides
..... .....  Graphics Slides
..... .....  Table Slides
..... ..... .....  Special Case: Two Graphics Side By Side
..... ..... .....  Special Case: Two By Two Grid Of Graphics
..... ..... .....  Special Case: Three Graphics On A Slide
..... ..... .....  Special Case: One Graphic Above Another
..... .....  Code Slides
..... .....  Task List Slides
.....  Hyperlinks
.....  HTML Comments
.....  Special Text Formatting
CSV Start
CSV Stop
..... .....  Using HTML `<style>` Elements To Specify Text Colours And Underlining
..... .....  HTML Entity References
CSV Start
CSV Stop
..... .....  Numeric Character References
..... .....   Escaped Characters
..... .....  CriticMarkup
.....  Creating A Glossary Of Terms
.....  Creating Footnotes
..... .....  Creating A Footnote
..... .....  Referring To A Footnote
.....  Controlling The Presentation With Metadata
..... .....  Specifying Metadata
..... .....  Metadata Keys
..... ..... .....  Slide Numbers - `numbers`
..... ..... .....  Page Title Size - `pageTitleSize`
..... ..... .....  Section Title Size - `sectionTitleSize`
..... ..... .....  Section Subtitle Size - `sectionSubtitleSize`
..... ..... .....  Monospace Font - `monoFont`
..... ..... .....  Margin size - `marginBase` and `tableMargin`
..... ..... .....  Associating A Class Name with A Background Colour With `style.bgcolor`
..... ..... .....  Associating A Class Name with A Foreground Colour With `style.fgcolor`
..... ..... .....  Associating A Class Name With Text Emphasis With `style.emphasis`
..... ..... .....  Master Presentation - `master`
..... ..... .....  "Chevron Style" Table Of Contents - `tocStyle` And `tocTitle`
..... ..... .....  Specifying An Abstract Slide With `abstractTitle`
..... ..... .....  Specifying Text Size With `baseTextSize` And `baseTextDecrement`
..... ..... .....  Specifying Bold And Italic Text Colour With `BoldColour` And `ItalicColour`
..... ..... .....  Specifying Bold And Italic Text Effects With `BoldBold` And `ItalicItalic`
..... ..... .....  Shrinking Tables With `compactTables`
..... ..... .....  Controlling Task Slide Production With `taskSlides` and `tasksPerSlide`
..... ..... .....  Controlling Glossary Slide Production With `glossaryTitle`, `glossaryTerm`, `glossaryMeaning`,`glossaryMeaningWidth`, and `glossaryPerPage`
.....  Modifying The Slide Master
..... .....  Basics
..... .....  Slide Master Sequence
CSV Start
CSV Stop

Processing completed.

