
mdpre Markdown Preprocessor v1.1.1+ (12 June, 2025)
===================================================

- opened <stdout> for writing
Def makefile = file-3

Def logfile = stderr

Def output = stdout

Def input = stdin

Def node = MacBookPro.domain_not_set.invalid

Def version = Darwin Kernel Version 24.5.0: Tue Apr 22 19:54:49 PDT 2025; root:xnu-11417.121.6~2/RELEASE_ARM64_T6000

Def architecture = 64bit

Def machine = arm64

Def system = Darwin

Def release = 24.5.0

Def python_version = 3.12.3

Def python_implementation = CPython

Def processor = arm

Def mdpre_date = 12 June, 2025

Def mdpre_level = 1.1.1+

Def userid = martinpacker

Def day = 13

Def month = July

Def year = 2025

Def time = 14&colon;35

Def date = 13 July&comma; 2025

Def TOC = Table Of Contents

Def md = Markdown

Def pp = Powerpoint

Markdown To Powerpoint User Guide

Table Of Contents - spec '2 * Table Of Contents'

2 6 Table Of Contents
.....  Why md2pptx?

..... .....  A Real World Use Case

..... .....  Using md2pptx With mdpre

.....  How Do You Use md2pptx?

..... .....  Installation

..... .....  Updating

..... .....  Use

.....  python-pptx license

.....  Change Log

Column Alignment - spec 'l r l'

CSV Start

CSV Stop

.....  Creating Slides

..... .....  Presentation Title Slides

..... .....  Presentation Section Slides

..... .....  Bullet Slides

..... ..... .....  Numbered List Items

..... .....  Graphics, Video And Audio slides

..... ..... .....  Graphics Slides

..... ..... ..... .....  Clickable Pictures

Traceback (most recent call last):
  File "/Users/martinpacker/mdpre/mdpre", line 2159, in <module>
    dependencies += getResourceNames(line)
                    ^^^^^^^^^^^^^^^^^^^^^^
  File "/Users/martinpacker/mdpre/mdpre", line 92, in getResourceNames
    for (_, name) in re.findall(clickableGraphicRegex, line):
        ^^^^^^^^^
ValueError: too many values to unpack (expected 2)
